<?xml version="1.0" encoding="UTF-8"?>
<!-- Generated by org.testng.reporters.JUnitReportReporter -->
<testsuite hostname="Narinderpals-MacBook-Pro.local" failures="0" tests="1" name="tests.NewTest" time="5.301" errors="0" timestamp="2023-10-02T13:45:21 EDT" skipped="0">
  <testcase classname="tests.NewTest" name="f" time="5.301"/>
</testsuite> <!-- tests.NewTest -->
