<?xml version="1.0" encoding="UTF-8"?>
<!-- Generated by org.testng.reporters.JUnitReportReporter -->
<testsuite hostname="Narinderpals-MacBook-Pro.local" failures="0" tests="1" name="NewTest" time="5.459" errors="0" timestamp="2023-10-02T12:41:23 EDT" skipped="0">
  <testcase classname="NewTest" name="f" time="5.459"/>
</testsuite> <!-- NewTest -->
