<?xml version="1.0" encoding="UTF-8"?>
<!-- Generated by org.testng.reporters.JUnitReportReporter -->
<testsuite hostname="Narinderpals-MacBook-Pro.local" failures="0" tests="1" name="Jenkins.Learning.Demo" time="5.975" errors="0" timestamp="2023-10-02T12:20:54 EDT" skipped="0">
  <testcase classname="Jenkins.Learning.Demo" name="test" time="5.975"/>
</testsuite> <!-- Jenkins.Learning.Demo -->
