<?xml version="1.0" encoding="UTF-8"?>
<!-- Generated by org.testng.reporters.JUnitReportReporter -->
<testsuite hostname="Narinderpals-MacBook-Pro.local" failures="0" tests="1" name="tests.NewTest" time="4.899" errors="0" timestamp="2023-10-02T13:49:10 EDT" skipped="0">
  <testcase classname="tests.NewTest" name="f" time="4.899"/>
</testsuite> <!-- tests.NewTest -->
