<?xml version="1.0" encoding="UTF-8"?>
<!-- Generated by org.testng.reporters.JUnitReportReporter -->
<testsuite hostname="Narinderpals-MacBook-Pro.local" failures="0" tests="1" name="Jenkins.Learning.NewTest" time="5.413" errors="0" timestamp="2023-10-02T12:58:21 EDT" skipped="0">
  <testcase classname="Jenkins.Learning.NewTest" name="f" time="5.413"/>
</testsuite> <!-- Jenkins.Learning.NewTest -->
